<?xml version="1.0" encoding="UTF-8"?>
<!-- Generated by org.testng.reporters.JUnitXMLReporter -->
<testsuite hostname="BLT228" ignored="0" name="Test" tests="1" failures="1" timestamp="2020-03-16T17:16:08 IST" time="46.969" errors="0">
  <testcase name="f" time="35.536" classname="TESTS.Test_Jpet">
    <failure type="java.lang.NullPointerException">
      <![CDATA[java.lang.NullPointerException
at PAGES.Login_page.clickBTN(Login_page.java:38)
at PAGES.Login_page.Login(Login_page.java:44)
at TESTS.Test_Jpet.f(Test_Jpet.java:59)
at java.util.ArrayList.forEach(ArrayList.java:1257)
... Removed 31 stack frames]]>
    </failure>
  </testcase> <!-- f -->
</testsuite> <!-- Test -->
