<?xml version="1.0" encoding="UTF-8"?>
<testsuite xmlns:xsi="http://www.w3.org/2001/XMLSchema-instance" xsi:noNamespaceSchemaLocation="https://maven.apache.org/surefire/maven-surefire-plugin/xsd/surefire-test-report.xsd" name="TestSuite" time="48.328" tests="1" errors="0" skipped="0" failures="1">
  <properties>
[...]
</properties>
  <testcase name="f" classname="TESTS.Test_Jpet" time="35.561">
    <failure type="java.lang.NullPointerException">java.lang.NullPointerException
	at TESTS.Test_Jpet.f(Test_Jpet.java:59)
</failure>
    <system-out><![CDATA[Manishini0
secretpwd
secretpwd
abc
def
abcd@gmail.com
"9988774455"
chennai-1
chennai-2
chennai
tamilnadu
"622004"
india
Manishini0
secretpwd
Element Located
Element Located
Element Located
Element Located
Element Located
Element Located
Element Located
Element Located
Element Located
Element Located
Element Located
Element Located
Element Located
Element not locatedorg.openqa.selenium.TimeoutException: Expected condition failed: waiting for element to be clickable: By.xpath: //input[@id='login'] (tried for 10 second(s) with 500 milliseconds interval)
]]></system-out>
    <system-err><![CDATA[Starting ChromeDriver 79.0.3945.36 (3582db32b33893869b8c1339e8f4d9ed1816f143-refs/branch-heads/3945@{#614}) on port 14178
Only local connections are allowed.
Please protect ports used by ChromeDriver and related test frameworks to prevent access by malicious code.
[1584359127.268][WARNING]: This version of ChromeDriver has not been tested with Chrome version 80.
Mar 16, 2020 5:15:29 PM org.openqa.selenium.remote.ProtocolHandshake createSession
INFO: Detected dialect: W3C
]]></system-err>
  </testcase>
</testsuite>