-------------------------------------------------------------------------------
Test set: TestSuite
-------------------------------------------------------------------------------
Tests run: 1, Failures: 1, Errors: 0, Skipped: 0, Time elapsed: 48.328 s <<< FAILURE! - in TestSuite
f(TESTS.Test_Jpet)  Time elapsed: 35.561 s  <<< FAILURE!
java.lang.NullPointerException
	at TESTS.Test_Jpet.f(Test_Jpet.java:59)

